[INFO ] 2020-07-11 20:32:31.530 [restartedMain] ContextLoader - Root WebApplicationContext: initialization completed in 754 ms
[INFO ] 2020-07-11 20:36:05.111 [restartedMain] ContextLoader - Root WebApplicationContext: initialization completed in 193 ms
[INFO ] 2020-07-11 21:28:05.795 [restartedMain] ContextLoader - Root WebApplicationContext: initialization completed in 767 ms
[INFO ] 2020-07-12 22:54:27.260 [restartedMain] ContextLoader - Root WebApplicationContext: initialization completed in 1788 ms
[INFO ] 2020-07-12 22:55:32.708 [restartedMain] ContextLoader - Root WebApplicationContext: initialization completed in 1984 ms
[INFO ] 2020-07-12 22:55:40.445 [http-nio-8080-exec-1] DispatcherServlet - Initializing Servlet 'dispatcherServlet'
[INFO ] 2020-07-12 22:55:40.455 [http-nio-8080-exec-1] DispatcherServlet - Completed initialization in 10 ms
[INFO ] 2020-07-13 00:02:11.757 [restartedMain] ContextLoader - Root WebApplicationContext: initialization completed in 1678 ms
[INFO ] 2020-07-13 00:03:00.288 [restartedMain] ContextLoader - Root WebApplicationContext: initialization completed in 1392 ms
[INFO ] 2020-07-13 00:03:25.515 [http-nio-8080-exec-1] DispatcherServlet - Initializing Servlet 'dispatcherServlet'
[INFO ] 2020-07-13 00:03:25.524 [http-nio-8080-exec-1] DispatcherServlet - Completed initialization in 9 ms
[INFO ] 2020-07-13 00:04:55.873 [restartedMain] ContextLoader - Root WebApplicationContext: initialization completed in 1662 ms
[INFO ] 2020-07-13 00:05:29.933 [restartedMain] ContextLoader - Root WebApplicationContext: initialization completed in 1593 ms
[INFO ] 2020-07-13 00:05:40.629 [http-nio-8080-exec-1] DispatcherServlet - Initializing Servlet 'dispatcherServlet'
[INFO ] 2020-07-13 00:05:40.645 [http-nio-8080-exec-1] DispatcherServlet - Completed initialization in 15 ms
[INFO ] 2020-07-13 00:31:35.055 [restartedMain] ContextLoader - Root WebApplicationContext: initialization completed in 1693 ms
[INFO ] 2020-07-13 00:31:39.089 [http-nio-8080-exec-1] DispatcherServlet - Initializing Servlet 'dispatcherServlet'
[INFO ] 2020-07-13 00:31:39.099 [http-nio-8080-exec-1] DispatcherServlet - Completed initialization in 10 ms
[INFO ] 2020-07-13 00:32:29.181 [restartedMain] ContextLoader - Root WebApplicationContext: initialization completed in 1555 ms
[INFO ] 2020-07-13 00:32:33.157 [http-nio-8080-exec-1] DispatcherServlet - Initializing Servlet 'dispatcherServlet'
[INFO ] 2020-07-13 00:32:33.169 [http-nio-8080-exec-1] DispatcherServlet - Completed initialization in 11 ms
[INFO ] 2020-07-13 01:00:23.017 [restartedMain] ContextLoader - Root WebApplicationContext: initialization completed in 1847 ms
[INFO ] 2020-07-13 01:00:27.964 [http-nio-8080-exec-1] DispatcherServlet - Initializing Servlet 'dispatcherServlet'
[INFO ] 2020-07-13 01:00:27.973 [http-nio-8080-exec-1] DispatcherServlet - Completed initialization in 9 ms
[INFO ] 2020-07-13 01:43:07.292 [restartedMain] ContextLoader - Root WebApplicationContext: initialization completed in 3302 ms
[INFO ] 2020-07-13 01:43:12.479 [http-nio-8080-exec-1] DispatcherServlet - Initializing Servlet 'dispatcherServlet'
[INFO ] 2020-07-13 01:43:12.488 [http-nio-8080-exec-1] DispatcherServlet - Completed initialization in 9 ms
[INFO ] 2020-07-13 01:44:31.266 [restartedMain] ContextLoader - Root WebApplicationContext: initialization completed in 2210 ms
[INFO ] 2020-07-13 01:44:35.635 [http-nio-8080-exec-1] DispatcherServlet - Initializing Servlet 'dispatcherServlet'
[INFO ] 2020-07-13 01:44:35.646 [http-nio-8080-exec-1] DispatcherServlet - Completed initialization in 11 ms
[INFO ] 2020-07-13 01:45:23.376 [restartedMain] ContextLoader - Root WebApplicationContext: initialization completed in 1691 ms
[INFO ] 2020-07-13 01:45:29.303 [http-nio-8080-exec-1] DispatcherServlet - Initializing Servlet 'dispatcherServlet'
[INFO ] 2020-07-13 01:45:29.312 [http-nio-8080-exec-1] DispatcherServlet - Completed initialization in 9 ms
[INFO ] 2020-07-13 01:47:29.416 [restartedMain] ContextLoader - Root WebApplicationContext: initialization completed in 3149 ms
[INFO ] 2020-07-13 01:47:47.195 [http-nio-8080-exec-1] DispatcherServlet - Initializing Servlet 'dispatcherServlet'
[INFO ] 2020-07-13 01:47:47.220 [http-nio-8080-exec-1] DispatcherServlet - Completed initialization in 25 ms
[INFO ] 2020-07-13 01:51:05.972 [restartedMain] ContextLoader - Root WebApplicationContext: initialization completed in 2183 ms
[INFO ] 2020-07-13 01:51:24.272 [http-nio-8080-exec-1] DispatcherServlet - Initializing Servlet 'dispatcherServlet'
[INFO ] 2020-07-13 01:51:24.281 [http-nio-8080-exec-1] DispatcherServlet - Completed initialization in 9 ms
[INFO ] 2020-07-13 01:54:29.728 [restartedMain] ContextLoader - Root WebApplicationContext: initialization completed in 1757 ms
[INFO ] 2020-07-13 01:54:35.470 [http-nio-8080-exec-1] DispatcherServlet - Initializing Servlet 'dispatcherServlet'
[INFO ] 2020-07-13 01:54:35.483 [http-nio-8080-exec-1] DispatcherServlet - Completed initialization in 13 ms
[INFO ] 2020-07-13 01:55:46.473 [restartedMain] ContextLoader - Root WebApplicationContext: initialization completed in 1657 ms
[INFO ] 2020-07-13 01:55:57.182 [http-nio-8080-exec-1] DispatcherServlet - Initializing Servlet 'dispatcherServlet'
[INFO ] 2020-07-13 01:55:57.191 [http-nio-8080-exec-1] DispatcherServlet - Completed initialization in 9 ms
[INFO ] 2020-07-13 01:56:29.570 [restartedMain] ContextLoader - Root WebApplicationContext: initialization completed in 1552 ms
[INFO ] 2020-07-13 01:56:43.140 [http-nio-8080-exec-1] DispatcherServlet - Initializing Servlet 'dispatcherServlet'
[INFO ] 2020-07-13 01:56:43.152 [http-nio-8080-exec-1] DispatcherServlet - Completed initialization in 12 ms
[INFO ] 2020-07-13 01:57:28.630 [restartedMain] ContextLoader - Root WebApplicationContext: initialization completed in 1767 ms
[INFO ] 2020-07-13 01:57:34.386 [http-nio-8080-exec-1] DispatcherServlet - Initializing Servlet 'dispatcherServlet'
[INFO ] 2020-07-13 01:57:34.399 [http-nio-8080-exec-1] DispatcherServlet - Completed initialization in 13 ms
[INFO ] 2020-07-13 01:58:53.937 [restartedMain] ContextLoader - Root WebApplicationContext: initialization completed in 1568 ms
[INFO ] 2020-07-13 01:59:03.009 [http-nio-8080-exec-1] DispatcherServlet - Initializing Servlet 'dispatcherServlet'
[INFO ] 2020-07-13 01:59:03.018 [http-nio-8080-exec-1] DispatcherServlet - Completed initialization in 9 ms
[INFO ] 2020-07-13 02:00:47.602 [restartedMain] ContextLoader - Root WebApplicationContext: initialization completed in 1756 ms
[INFO ] 2020-07-13 02:00:53.983 [http-nio-8080-exec-1] DispatcherServlet - Initializing Servlet 'dispatcherServlet'
[INFO ] 2020-07-13 02:00:53.994 [http-nio-8080-exec-1] DispatcherServlet - Completed initialization in 11 ms
[INFO ] 2020-07-13 02:42:11.482 [restartedMain] ContextLoader - Root WebApplicationContext: initialization completed in 1580 ms
[INFO ] 2020-07-13 02:42:19.729 [http-nio-8080-exec-1] DispatcherServlet - Initializing Servlet 'dispatcherServlet'
[INFO ] 2020-07-13 02:42:19.748 [http-nio-8080-exec-1] DispatcherServlet - Completed initialization in 18 ms
[INFO ] 2020-07-13 02:50:32.404 [restartedMain] ContextLoader - Root WebApplicationContext: initialization completed in 1793 ms
[INFO ] 2020-07-13 02:50:43.968 [http-nio-8080-exec-1] DispatcherServlet - Initializing Servlet 'dispatcherServlet'
[INFO ] 2020-07-13 02:50:43.977 [http-nio-8080-exec-1] DispatcherServlet - Completed initialization in 8 ms
[INFO ] 2020-07-13 02:51:20.399 [restartedMain] ContextLoader - Root WebApplicationContext: initialization completed in 1575 ms
[INFO ] 2020-07-13 02:51:27.856 [http-nio-8080-exec-1] DispatcherServlet - Initializing Servlet 'dispatcherServlet'
[INFO ] 2020-07-13 02:51:27.874 [http-nio-8080-exec-1] DispatcherServlet - Completed initialization in 17 ms
[INFO ] 2020-07-13 02:52:49.184 [restartedMain] ContextLoader - Root WebApplicationContext: initialization completed in 1761 ms
[INFO ] 2020-07-13 02:52:52.178 [http-nio-8080-exec-1] DispatcherServlet - Initializing Servlet 'dispatcherServlet'
[INFO ] 2020-07-13 02:52:52.200 [http-nio-8080-exec-1] DispatcherServlet - Completed initialization in 21 ms
[INFO ] 2020-07-13 02:59:12.041 [restartedMain] ContextLoader - Root WebApplicationContext: initialization completed in 1954 ms
[INFO ] 2020-07-13 02:59:30.451 [restartedMain] ContextLoader - Root WebApplicationContext: initialization completed in 1713 ms
[INFO ] 2020-07-13 02:59:36.587 [http-nio-8080-exec-1] DispatcherServlet - Initializing Servlet 'dispatcherServlet'
[INFO ] 2020-07-13 02:59:36.609 [http-nio-8080-exec-1] DispatcherServlet - Completed initialization in 21 ms
[INFO ] 2020-07-13 03:02:06.273 [restartedMain] ContextLoader - Root WebApplicationContext: initialization completed in 1647 ms
[INFO ] 2020-07-13 03:02:09.672 [http-nio-8080-exec-1] DispatcherServlet - Initializing Servlet 'dispatcherServlet'
[INFO ] 2020-07-13 03:02:09.693 [http-nio-8080-exec-1] DispatcherServlet - Completed initialization in 20 ms
[INFO ] 2020-07-13 03:03:58.398 [restartedMain] ContextLoader - Root WebApplicationContext: initialization completed in 1936 ms
[INFO ] 2020-07-13 03:04:01.891 [http-nio-8080-exec-1] DispatcherServlet - Initializing Servlet 'dispatcherServlet'
[INFO ] 2020-07-13 03:04:01.908 [http-nio-8080-exec-1] DispatcherServlet - Completed initialization in 17 ms
[INFO ] 2020-07-13 03:05:53.508 [restartedMain] ContextLoader - Root WebApplicationContext: initialization completed in 1887 ms
[INFO ] 2020-07-13 03:06:15.983 [http-nio-8080-exec-1] DispatcherServlet - Initializing Servlet 'dispatcherServlet'
[INFO ] 2020-07-13 03:06:15.996 [http-nio-8080-exec-1] DispatcherServlet - Completed initialization in 12 ms
[INFO ] 2020-07-13 18:08:30.889 [restartedMain] ContextLoader - Root WebApplicationContext: initialization completed in 4137 ms
[INFO ] 2020-07-13 18:09:01.597 [http-nio-8080-exec-1] DispatcherServlet - Initializing Servlet 'dispatcherServlet'
[INFO ] 2020-07-13 18:09:01.608 [http-nio-8080-exec-1] DispatcherServlet - Completed initialization in 10 ms
[INFO ] 2020-07-13 18:12:05.036 [restartedMain] ContextLoader - Root WebApplicationContext: initialization completed in 1917 ms
[INFO ] 2020-07-13 18:12:12.725 [http-nio-8080-exec-1] DispatcherServlet - Initializing Servlet 'dispatcherServlet'
[INFO ] 2020-07-13 18:12:12.735 [http-nio-8080-exec-1] DispatcherServlet - Completed initialization in 9 ms
[INFO ] 2020-07-13 18:15:13.275 [restartedMain] ContextLoader - Root WebApplicationContext: initialization completed in 1728 ms
[INFO ] 2020-07-13 18:16:27.428 [restartedMain] ContextLoader - Root WebApplicationContext: initialization completed in 1520 ms
[INFO ] 2020-07-13 18:21:37.330 [restartedMain] ContextLoader - Root WebApplicationContext: initialization completed in 1581 ms
[INFO ] 2020-07-13 18:21:52.207 [http-nio-8080-exec-1] DispatcherServlet - Initializing Servlet 'dispatcherServlet'
[INFO ] 2020-07-13 18:21:52.216 [http-nio-8080-exec-1] DispatcherServlet - Completed initialization in 8 ms
[INFO ] 2020-07-13 18:22:54.156 [restartedMain] ContextLoader - Root WebApplicationContext: initialization completed in 1651 ms
[INFO ] 2020-07-13 18:23:00.203 [http-nio-8080-exec-1] DispatcherServlet - Initializing Servlet 'dispatcherServlet'
[INFO ] 2020-07-13 18:23:00.210 [http-nio-8080-exec-1] DispatcherServlet - Completed initialization in 6 ms
[INFO ] 2020-07-13 18:27:22.376 [restartedMain] ContextLoader - Root WebApplicationContext: initialization completed in 1749 ms
[INFO ] 2020-07-13 18:27:32.914 [http-nio-8080-exec-1] DispatcherServlet - Initializing Servlet 'dispatcherServlet'
[INFO ] 2020-07-13 18:27:32.921 [http-nio-8080-exec-1] DispatcherServlet - Completed initialization in 7 ms
[INFO ] 2020-07-13 18:29:40.420 [restartedMain] ContextLoader - Root WebApplicationContext: initialization completed in 1590 ms
[INFO ] 2020-07-13 18:29:44.734 [http-nio-8080-exec-1] DispatcherServlet - Initializing Servlet 'dispatcherServlet'
[INFO ] 2020-07-13 18:29:44.743 [http-nio-8080-exec-1] DispatcherServlet - Completed initialization in 9 ms
[INFO ] 2020-07-13 18:32:19.124 [restartedMain] ContextLoader - Root WebApplicationContext: initialization completed in 1704 ms
[INFO ] 2020-07-13 18:32:22.407 [http-nio-8080-exec-1] DispatcherServlet - Initializing Servlet 'dispatcherServlet'
[INFO ] 2020-07-13 18:32:22.430 [http-nio-8080-exec-1] DispatcherServlet - Completed initialization in 23 ms
[INFO ] 2020-07-13 18:35:44.930 [restartedMain] ContextLoader - Root WebApplicationContext: initialization completed in 1629 ms
[INFO ] 2020-07-13 18:36:19.436 [http-nio-8080-exec-1] DispatcherServlet - Initializing Servlet 'dispatcherServlet'
[INFO ] 2020-07-13 18:36:19.450 [http-nio-8080-exec-1] DispatcherServlet - Completed initialization in 13 ms
[INFO ] 2020-07-13 18:45:33.662 [restartedMain] ContextLoader - Root WebApplicationContext: initialization completed in 1606 ms
[INFO ] 2020-07-13 18:45:53.373 [http-nio-8080-exec-1] DispatcherServlet - Initializing Servlet 'dispatcherServlet'
[INFO ] 2020-07-13 18:45:53.382 [http-nio-8080-exec-1] DispatcherServlet - Completed initialization in 9 ms
[INFO ] 2020-07-13 19:07:52.205 [restartedMain] ContextLoader - Root WebApplicationContext: initialization completed in 1646 ms
[INFO ] 2020-07-13 19:07:55.991 [http-nio-8080-exec-1] DispatcherServlet - Initializing Servlet 'dispatcherServlet'
[INFO ] 2020-07-13 19:07:56.007 [http-nio-8080-exec-1] DispatcherServlet - Completed initialization in 15 ms
[INFO ] 2020-07-13 19:28:03.881 [restartedMain] ContextLoader - Root WebApplicationContext: initialization completed in 1524 ms
[INFO ] 2020-07-13 19:28:09.484 [http-nio-8080-exec-1] DispatcherServlet - Initializing Servlet 'dispatcherServlet'
[INFO ] 2020-07-13 19:28:09.495 [http-nio-8080-exec-1] DispatcherServlet - Completed initialization in 11 ms
[INFO ] 2020-07-13 19:36:18.515 [restartedMain] ContextLoader - Root WebApplicationContext: initialization completed in 1576 ms
[INFO ] 2020-07-13 19:36:30.590 [http-nio-8080-exec-1] DispatcherServlet - Initializing Servlet 'dispatcherServlet'
[INFO ] 2020-07-13 19:36:30.607 [http-nio-8080-exec-1] DispatcherServlet - Completed initialization in 16 ms
[INFO ] 2020-07-13 19:59:28.121 [restartedMain] ContextLoader - Root WebApplicationContext: initialization completed in 1681 ms
[INFO ] 2020-07-13 19:59:53.512 [http-nio-8080-exec-1] DispatcherServlet - Initializing Servlet 'dispatcherServlet'
[INFO ] 2020-07-13 19:59:53.517 [http-nio-8080-exec-1] DispatcherServlet - Completed initialization in 5 ms
[INFO ] 2020-07-13 20:00:50.758 [restartedMain] ContextLoader - Root WebApplicationContext: initialization completed in 1528 ms
[INFO ] 2020-07-13 20:00:56.635 [http-nio-8080-exec-1] DispatcherServlet - Initializing Servlet 'dispatcherServlet'
[INFO ] 2020-07-13 20:00:56.648 [http-nio-8080-exec-1] DispatcherServlet - Completed initialization in 13 ms
[INFO ] 2020-07-13 20:05:09.225 [restartedMain] ContextLoader - Root WebApplicationContext: initialization completed in 1595 ms
[INFO ] 2020-07-13 20:09:14.971 [restartedMain] ContextLoader - Root WebApplicationContext: initialization completed in 1579 ms
[INFO ] 2020-07-13 20:10:18.926 [http-nio-8080-exec-1] DispatcherServlet - Initializing Servlet 'dispatcherServlet'
[INFO ] 2020-07-13 20:10:18.938 [http-nio-8080-exec-1] DispatcherServlet - Completed initialization in 12 ms
[INFO ] 2020-07-14 02:19:22.221 [restartedMain] ContextLoader - Root WebApplicationContext: initialization completed in 3353 ms
[INFO ] 2020-07-14 02:20:17.213 [restartedMain] ContextLoader - Root WebApplicationContext: initialization completed in 1866 ms
[INFO ] 2020-07-14 02:20:31.274 [http-nio-8080-exec-1] DispatcherServlet - Initializing Servlet 'dispatcherServlet'
[INFO ] 2020-07-14 02:20:31.291 [http-nio-8080-exec-1] DispatcherServlet - Completed initialization in 16 ms
[INFO ] 2020-07-14 02:23:33.250 [restartedMain] ContextLoader - Root WebApplicationContext: initialization completed in 1858 ms
[INFO ] 2020-07-14 02:23:44.901 [http-nio-8080-exec-1] DispatcherServlet - Initializing Servlet 'dispatcherServlet'
[INFO ] 2020-07-14 02:23:44.909 [http-nio-8080-exec-1] DispatcherServlet - Completed initialization in 7 ms
[INFO ] 2020-07-14 02:24:35.060 [restartedMain] ContextLoader - Root WebApplicationContext: initialization completed in 2188 ms
[INFO ] 2020-07-14 02:24:40.521 [http-nio-8080-exec-1] DispatcherServlet - Initializing Servlet 'dispatcherServlet'
[INFO ] 2020-07-14 02:24:40.536 [http-nio-8080-exec-1] DispatcherServlet - Completed initialization in 14 ms
[INFO ] 2020-07-14 15:59:36.895 [restartedMain] ContextLoader - Root WebApplicationContext: initialization completed in 3055 ms
[INFO ] 2020-07-14 15:59:47.789 [http-nio-8080-exec-1] DispatcherServlet - Initializing Servlet 'dispatcherServlet'
[INFO ] 2020-07-14 15:59:47.799 [http-nio-8080-exec-1] DispatcherServlet - Completed initialization in 10 ms
[INFO ] 2020-07-14 16:05:14.244 [restartedMain] ContextLoader - Root WebApplicationContext: initialization completed in 1479 ms
[INFO ] 2020-07-15 00:20:45.241 [restartedMain] ContextLoader - Root WebApplicationContext: initialization completed in 2579 ms
[INFO ] 2020-07-15 00:21:59.547 [restartedMain] ContextLoader - Root WebApplicationContext: initialization completed in 1907 ms
[INFO ] 2020-07-15 00:22:07.778 [http-nio-8080-exec-1] DispatcherServlet - Initializing Servlet 'dispatcherServlet'
[INFO ] 2020-07-15 00:22:07.783 [http-nio-8080-exec-1] DispatcherServlet - Completed initialization in 5 ms
[INFO ] 2020-07-15 00:27:42.615 [restartedMain] ContextLoader - Root WebApplicationContext: initialization completed in 1489 ms
[INFO ] 2020-07-15 00:27:48.986 [http-nio-8080-exec-1] DispatcherServlet - Initializing Servlet 'dispatcherServlet'
[INFO ] 2020-07-15 00:27:48.991 [http-nio-8080-exec-1] DispatcherServlet - Completed initialization in 5 ms
[INFO ] 2020-07-15 00:29:58.941 [restartedMain] ContextLoader - Root WebApplicationContext: initialization completed in 1597 ms
[INFO ] 2020-07-15 00:30:09.887 [http-nio-8080-exec-1] DispatcherServlet - Initializing Servlet 'dispatcherServlet'
[INFO ] 2020-07-15 00:30:09.898 [http-nio-8080-exec-1] DispatcherServlet - Completed initialization in 11 ms
[INFO ] 2020-07-15 00:33:24.843 [restartedMain] ContextLoader - Root WebApplicationContext: initialization completed in 1621 ms
[INFO ] 2020-07-15 00:33:30.341 [http-nio-8080-exec-1] DispatcherServlet - Initializing Servlet 'dispatcherServlet'
[INFO ] 2020-07-15 00:33:30.350 [http-nio-8080-exec-1] DispatcherServlet - Completed initialization in 9 ms
[INFO ] 2020-07-15 00:34:10.525 [restartedMain] ContextLoader - Root WebApplicationContext: initialization completed in 1765 ms
[INFO ] 2020-07-15 00:34:38.213 [http-nio-8080-exec-1] DispatcherServlet - Initializing Servlet 'dispatcherServlet'
[INFO ] 2020-07-15 00:34:38.225 [http-nio-8080-exec-1] DispatcherServlet - Completed initialization in 11 ms
[INFO ] 2020-07-15 00:35:32.222 [restartedMain] ContextLoader - Root WebApplicationContext: initialization completed in 1671 ms
[INFO ] 2020-07-15 00:35:44.029 [http-nio-8080-exec-1] DispatcherServlet - Initializing Servlet 'dispatcherServlet'
[INFO ] 2020-07-15 00:35:44.040 [http-nio-8080-exec-1] DispatcherServlet - Completed initialization in 11 ms
[INFO ] 2020-07-15 01:07:09.818 [restartedMain] ContextLoader - Root WebApplicationContext: initialization completed in 1767 ms
[INFO ] 2020-07-15 01:07:51.499 [http-nio-8080-exec-1] DispatcherServlet - Initializing Servlet 'dispatcherServlet'
[INFO ] 2020-07-15 01:07:51.512 [http-nio-8080-exec-1] DispatcherServlet - Completed initialization in 13 ms
[INFO ] 2020-07-15 02:06:34.614 [restartedMain] ContextLoader - Root WebApplicationContext: initialization completed in 2064 ms
[INFO ] 2020-07-15 02:06:57.904 [http-nio-8080-exec-1] DispatcherServlet - Initializing Servlet 'dispatcherServlet'
[INFO ] 2020-07-15 02:06:57.915 [http-nio-8080-exec-1] DispatcherServlet - Completed initialization in 11 ms
[INFO ] 2020-07-15 02:14:03.138 [restartedMain] ContextLoader - Root WebApplicationContext: initialization completed in 1844 ms
[INFO ] 2020-07-15 02:16:01.994 [restartedMain] ContextLoader - Root WebApplicationContext: initialization completed in 1515 ms
[INFO ] 2020-07-15 02:16:05.085 [http-nio-8080-exec-1] DispatcherServlet - Initializing Servlet 'dispatcherServlet'
[INFO ] 2020-07-15 02:16:05.102 [http-nio-8080-exec-1] DispatcherServlet - Completed initialization in 16 ms
[INFO ] 2020-07-15 02:31:24.382 [restartedMain] ContextLoader - Root WebApplicationContext: initialization completed in 1869 ms
[INFO ] 2020-07-15 02:31:48.780 [http-nio-8080-exec-1] DispatcherServlet - Initializing Servlet 'dispatcherServlet'
[INFO ] 2020-07-15 02:31:48.786 [http-nio-8080-exec-1] DispatcherServlet - Completed initialization in 6 ms
[INFO ] 2020-07-15 02:33:45.012 [restartedMain] ContextLoader - Root WebApplicationContext: initialization completed in 1360 ms
[INFO ] 2020-07-15 02:33:52.076 [http-nio-8080-exec-1] DispatcherServlet - Initializing Servlet 'dispatcherServlet'
[INFO ] 2020-07-15 02:33:52.089 [http-nio-8080-exec-1] DispatcherServlet - Completed initialization in 13 ms
[INFO ] 2020-07-15 02:40:44.418 [restartedMain] ContextLoader - Root WebApplicationContext: initialization completed in 934 ms
[INFO ] 2020-07-15 02:40:46.683 [http-nio-8080-exec-1] DispatcherServlet - Initializing Servlet 'dispatcherServlet'
[INFO ] 2020-07-15 02:40:46.691 [http-nio-8080-exec-1] DispatcherServlet - Completed initialization in 8 ms
[INFO ] 2020-07-15 02:40:47.249 [restartedMain] ContextLoader - Root WebApplicationContext: initialization completed in 2661 ms
[INFO ] 2020-07-15 02:43:08.278 [restartedMain] ContextLoader - Root WebApplicationContext: initialization completed in 2395 ms
[INFO ] 2020-07-15 02:43:09.915 [http-nio-8080-exec-1] DispatcherServlet - Initializing Servlet 'dispatcherServlet'
[INFO ] 2020-07-15 02:43:09.932 [http-nio-8080-exec-1] DispatcherServlet - Completed initialization in 17 ms
[INFO ] 2020-07-15 17:28:22.150 [restartedMain] ContextLoader - Root WebApplicationContext: initialization completed in 1714 ms
[INFO ] 2020-07-15 17:28:39.512 [http-nio-8080-exec-1] DispatcherServlet - Initializing Servlet 'dispatcherServlet'
[INFO ] 2020-07-15 17:28:39.518 [http-nio-8080-exec-1] DispatcherServlet - Completed initialization in 6 ms
[INFO ] 2020-07-15 17:31:43.355 [restartedMain] ContextLoader - Root WebApplicationContext: initialization completed in 546 ms
[INFO ] 2020-07-15 17:31:45.376 [restartedMain] ContextLoader - Root WebApplicationContext: initialization completed in 1734 ms
[INFO ] 2020-07-15 17:32:09.142 [restartedMain] ContextLoader - Root WebApplicationContext: initialization completed in 1704 ms
[INFO ] 2020-07-15 17:32:15.647 [http-nio-8080-exec-1] DispatcherServlet - Initializing Servlet 'dispatcherServlet'
[INFO ] 2020-07-15 17:32:15.664 [http-nio-8080-exec-1] DispatcherServlet - Completed initialization in 17 ms
[INFO ] 2020-07-15 17:33:59.249 [restartedMain] ContextLoader - Root WebApplicationContext: initialization completed in 1763 ms
[INFO ] 2020-07-15 17:34:04.873 [http-nio-8080-exec-1] DispatcherServlet - Initializing Servlet 'dispatcherServlet'
[INFO ] 2020-07-15 17:34:04.886 [http-nio-8080-exec-1] DispatcherServlet - Completed initialization in 13 ms
[INFO ] 2020-07-15 17:38:13.550 [restartedMain] ContextLoader - Root WebApplicationContext: initialization completed in 2282 ms
[INFO ] 2020-07-15 17:39:05.343 [http-nio-8080-exec-1] DispatcherServlet - Initializing Servlet 'dispatcherServlet'
[INFO ] 2020-07-15 17:39:05.356 [http-nio-8080-exec-1] DispatcherServlet - Completed initialization in 12 ms
[INFO ] 2020-07-15 17:40:30.134 [restartedMain] ContextLoader - Root WebApplicationContext: initialization completed in 2212 ms
[INFO ] 2020-07-15 17:40:43.706 [restartedMain] ContextLoader - Root WebApplicationContext: initialization completed in 1425 ms
[INFO ] 2020-07-15 17:41:18.788 [http-nio-8080-exec-1] DispatcherServlet - Initializing Servlet 'dispatcherServlet'
[INFO ] 2020-07-15 17:41:18.806 [http-nio-8080-exec-1] DispatcherServlet - Completed initialization in 18 ms
[INFO ] 2020-07-15 18:04:00.156 [restartedMain] ContextLoader - Root WebApplicationContext: initialization completed in 456 ms
[INFO ] 2020-07-15 18:20:25.802 [restartedMain] ContextLoader - Root WebApplicationContext: initialization completed in 512 ms
[INFO ] 2020-07-15 19:03:25.100 [restartedMain] ContextLoader - Root WebApplicationContext: initialization completed in 407 ms
[INFO ] 2020-07-15 19:55:19.816 [restartedMain] ContextLoader - Root WebApplicationContext: initialization completed in 480 ms
[INFO ] 2020-07-15 20:18:05.238 [restartedMain] ContextLoader - Root WebApplicationContext: initialization completed in 347 ms
[INFO ] 2020-07-15 20:28:34.432 [restartedMain] ContextLoader - Root WebApplicationContext: initialization completed in 355 ms
[INFO ] 2020-07-15 20:33:44.351 [restartedMain] ContextLoader - Root WebApplicationContext: initialization completed in 1155 ms
[INFO ] 2020-07-15 20:36:05.320 [restartedMain] ContextLoader - Root WebApplicationContext: initialization completed in 995 ms
[INFO ] 2020-07-15 20:36:42.893 [http-nio-8080-exec-1] DispatcherServlet - Initializing Servlet 'dispatcherServlet'
[INFO ] 2020-07-15 20:36:42.898 [http-nio-8080-exec-1] DispatcherServlet - Completed initialization in 5 ms
[INFO ] 2020-07-15 20:42:43.406 [restartedMain] ContextLoader - Root WebApplicationContext: initialization completed in 1114 ms
[INFO ] 2020-07-15 20:42:55.370 [http-nio-8080-exec-1] DispatcherServlet - Initializing Servlet 'dispatcherServlet'
[INFO ] 2020-07-15 20:42:55.375 [http-nio-8080-exec-1] DispatcherServlet - Completed initialization in 5 ms
[INFO ] 2020-07-15 23:00:40.432 [restartedMain] ContextLoader - Root WebApplicationContext: initialization completed in 4090 ms
[INFO ] 2020-07-15 23:01:49.833 [http-nio-8080-exec-1] DispatcherServlet - Initializing Servlet 'dispatcherServlet'
[INFO ] 2020-07-15 23:01:49.842 [http-nio-8080-exec-1] DispatcherServlet - Completed initialization in 9 ms
[INFO ] 2020-07-15 23:44:04.865 [restartedMain] ContextLoader - Root WebApplicationContext: initialization completed in 1833 ms
[INFO ] 2020-07-15 23:47:00.975 [restartedMain] ContextLoader - Root WebApplicationContext: initialization completed in 1631 ms
[INFO ] 2020-07-15 23:57:28.287 [restartedMain] ContextLoader - Root WebApplicationContext: initialization completed in 1604 ms
[INFO ] 2020-07-16 00:07:00.237 [restartedMain] ContextLoader - Root WebApplicationContext: initialization completed in 1790 ms
[INFO ] 2020-07-16 00:07:18.802 [http-nio-8080-exec-1] DispatcherServlet - Initializing Servlet 'dispatcherServlet'
[INFO ] 2020-07-16 00:07:18.812 [http-nio-8080-exec-1] DispatcherServlet - Completed initialization in 8 ms
[INFO ] 2020-07-16 00:29:07.590 [restartedMain] ContextLoader - Root WebApplicationContext: initialization completed in 1668 ms
[INFO ] 2020-07-16 00:29:28.627 [http-nio-8080-exec-1] DispatcherServlet - Initializing Servlet 'dispatcherServlet'
[INFO ] 2020-07-16 00:29:28.644 [http-nio-8080-exec-1] DispatcherServlet - Completed initialization in 16 ms
[INFO ] 2020-07-16 00:44:49.292 [restartedMain] ContextLoader - Root WebApplicationContext: initialization completed in 1790 ms
[INFO ] 2020-07-16 00:45:48.692 [http-nio-8080-exec-1] DispatcherServlet - Initializing Servlet 'dispatcherServlet'
[INFO ] 2020-07-16 00:45:48.697 [http-nio-8080-exec-1] DispatcherServlet - Completed initialization in 5 ms
[INFO ] 2020-07-16 00:46:55.314 [restartedMain] ContextLoader - Root WebApplicationContext: initialization completed in 1831 ms
[INFO ] 2020-07-16 00:46:58.227 [http-nio-8080-exec-1] DispatcherServlet - Initializing Servlet 'dispatcherServlet'
[INFO ] 2020-07-16 00:46:58.248 [http-nio-8080-exec-1] DispatcherServlet - Completed initialization in 20 ms
[INFO ] 2020-07-16 01:04:24.708 [restartedMain] ContextLoader - Root WebApplicationContext: initialization completed in 1701 ms
[INFO ] 2020-07-16 01:04:30.835 [http-nio-8080-exec-1] DispatcherServlet - Initializing Servlet 'dispatcherServlet'
[INFO ] 2020-07-16 01:04:30.844 [http-nio-8080-exec-1] DispatcherServlet - Completed initialization in 9 ms
[INFO ] 2020-07-16 01:06:10.508 [restartedMain] ContextLoader - Root WebApplicationContext: initialization completed in 1508 ms
[INFO ] 2020-07-16 01:06:54.874 [http-nio-8080-exec-1] DispatcherServlet - Initializing Servlet 'dispatcherServlet'
[INFO ] 2020-07-16 01:06:54.885 [http-nio-8080-exec-1] DispatcherServlet - Completed initialization in 10 ms
[INFO ] 2020-07-16 01:11:17.952 [restartedMain] ContextLoader - Root WebApplicationContext: initialization completed in 1751 ms
[INFO ] 2020-07-16 01:11:30.181 [http-nio-8080-exec-1] DispatcherServlet - Initializing Servlet 'dispatcherServlet'
[INFO ] 2020-07-16 01:11:30.191 [http-nio-8080-exec-1] DispatcherServlet - Completed initialization in 9 ms
[INFO ] 2020-07-16 01:13:48.131 [restartedMain] ContextLoader - Root WebApplicationContext: initialization completed in 902 ms
[INFO ] 2020-07-16 01:14:00.641 [restartedMain] ContextLoader - Root WebApplicationContext: initialization completed in 1574 ms
[INFO ] 2020-07-16 01:14:18.115 [restartedMain] ContextLoader - Root WebApplicationContext: initialization completed in 1525 ms
[INFO ] 2020-07-16 01:14:23.781 [http-nio-8080-exec-1] DispatcherServlet - Initializing Servlet 'dispatcherServlet'
[INFO ] 2020-07-16 01:14:23.798 [http-nio-8080-exec-1] DispatcherServlet - Completed initialization in 16 ms
[INFO ] 2020-07-16 01:25:55.615 [restartedMain] ContextLoader - Root WebApplicationContext: initialization completed in 1048 ms
[INFO ] 2020-07-16 01:26:26.296 [restartedMain] ContextLoader - Root WebApplicationContext: initialization completed in 1691 ms
[INFO ] 2020-07-16 01:26:43.435 [restartedMain] ContextLoader - Root WebApplicationContext: initialization completed in 1767 ms
[INFO ] 2020-07-16 01:26:48.909 [http-nio-8080-exec-1] DispatcherServlet - Initializing Servlet 'dispatcherServlet'
[INFO ] 2020-07-16 01:26:48.919 [http-nio-8080-exec-1] DispatcherServlet - Completed initialization in 10 ms
[INFO ] 2020-07-16 01:58:10.424 [restartedMain] GroupFormationToolApplication - Starting GroupFormationToolApplication on DESKTOP-A59EQ9R with PID 18184 (C:\Users\sasis\Documents\ASDC\group4\bin\main started by sasis in C:\Users\sasis\Documents\ASDC\group4)
[DEBUG] 2020-07-16 01:58:10.430 [restartedMain] GroupFormationToolApplication - Running with Spring Boot v2.2.4.RELEASE, Spring v5.2.3.RELEASE
[INFO ] 2020-07-16 01:58:10.430 [restartedMain] GroupFormationToolApplication - No active profile set, falling back to default profiles: default
[INFO ] 2020-07-16 01:58:12.683 [restartedMain] GroupFormationToolApplication - Started GroupFormationToolApplication in 2.617 seconds (JVM running for 4.466)
[INFO ] 2020-07-16 01:58:20.051 [http-nio-8080-exec-1] ConnectionManager - URL of database:jdbc:mysql://(host=db-5308.cs.dal.ca,port=3306)/CSCI5308_4_DEVINT?serverTimezone=AST
[INFO ] 2020-07-16 01:58:20.052 [http-nio-8080-exec-1] ConnectionManager - User name of database:CSCI5308_4_DEVINT_USER
[DEBUG] 2020-07-16 01:59:42.195 [http-nio-8080-exec-9] UserDB - Loaded user with user ID19
[DEBUG] 2020-07-16 01:59:47.934 [http-nio-8080-exec-2] UserDB - Loaded user with user ID19
[INFO ] 2020-07-16 01:59:47.935 [http-nio-8080-exec-2] CurrentUser - Valid User
[INFO ] 2020-07-16 01:59:49.261 [http-nio-8080-exec-2] StudentSurveyDB - Successfully created question options
[INFO ] 2020-07-16 02:02:19.014 [restartedMain] GroupFormationToolApplication - Starting GroupFormationToolApplication on DESKTOP-A59EQ9R with PID 2156 (C:\Users\sasis\Documents\ASDC\group4\bin\main started by sasis in C:\Users\sasis\Documents\ASDC\group4)
[DEBUG] 2020-07-16 02:02:19.020 [restartedMain] GroupFormationToolApplication - Running with Spring Boot v2.2.4.RELEASE, Spring v5.2.3.RELEASE
[INFO ] 2020-07-16 02:02:19.020 [restartedMain] GroupFormationToolApplication - No active profile set, falling back to default profiles: default
[INFO ] 2020-07-16 02:02:21.353 [restartedMain] GroupFormationToolApplication - Started GroupFormationToolApplication in 2.698 seconds (JVM running for 4.345)
[INFO ] 2020-07-16 02:02:35.782 [http-nio-8080-exec-5] ConnectionManager - URL of database:jdbc:mysql://(host=db-5308.cs.dal.ca,port=3306)/CSCI5308_4_DEVINT?serverTimezone=AST
[INFO ] 2020-07-16 02:02:35.783 [http-nio-8080-exec-5] ConnectionManager - User name of database:CSCI5308_4_DEVINT_USER
[DEBUG] 2020-07-16 02:02:39.446 [http-nio-8080-exec-9] UserDB - Loaded user with user ID19
[INFO ] 2020-07-16 02:02:39.448 [http-nio-8080-exec-9] CurrentUser - Valid User
[INFO ] 2020-07-16 02:02:40.254 [http-nio-8080-exec-9] StudentSurveyDB - Successfully created question options
[DEBUG] 2020-07-16 02:02:45.644 [http-nio-8080-exec-8] GroupFormationController - At 'surveymanager/surveylist'
[INFO ] 2020-07-16 02:04:15.346 [restartedMain] GroupFormationToolApplication - Starting GroupFormationToolApplication on DESKTOP-A59EQ9R with PID 9936 (C:\Users\sasis\Documents\ASDC\group4\bin\main started by sasis in C:\Users\sasis\Documents\ASDC\group4)
[DEBUG] 2020-07-16 02:04:15.352 [restartedMain] GroupFormationToolApplication - Running with Spring Boot v2.2.4.RELEASE, Spring v5.2.3.RELEASE
[INFO ] 2020-07-16 02:04:15.353 [restartedMain] GroupFormationToolApplication - No active profile set, falling back to default profiles: default
[INFO ] 2020-07-16 02:04:18.707 [restartedMain] GroupFormationToolApplication - Started GroupFormationToolApplication in 3.75 seconds (JVM running for 6.122)
[DEBUG] 2020-07-16 02:04:18.953 [http-nio-8080-exec-1] GroupFormationController - At 'surveymanager/surveylist'
[INFO ] 2020-07-16 02:04:18.971 [http-nio-8080-exec-1] ConnectionManager - URL of database:jdbc:mysql://(host=db-5308.cs.dal.ca,port=3306)/CSCI5308_4_DEVINT?serverTimezone=AST
[INFO ] 2020-07-16 02:04:18.971 [http-nio-8080-exec-1] ConnectionManager - User name of database:CSCI5308_4_DEVINT_USER
[DEBUG] 2020-07-16 02:04:47.125 [http-nio-8080-exec-2] GroupFormationController - At '/submitSurveyRules'
[DEBUG] 2020-07-16 02:04:49.089 [http-nio-8080-exec-2] GroupFormationAlgorithm - Created Groups
[DEBUG] 2020-07-16 02:04:49.089 [http-nio-8080-exec-2] GroupingService - groups created: 2
[DEBUG] 2020-07-16 02:04:49.286 [http-nio-8080-exec-2] UserDB - Loaded user with user ID1
[DEBUG] 2020-07-16 02:04:49.477 [http-nio-8080-exec-2] UserDB - Loaded user with user ID6
[DEBUG] 2020-07-16 02:04:49.667 [http-nio-8080-exec-2] UserDB - Loaded user with user ID22
[INFO ] 2020-07-16 13:36:56.645 [main] User - Valid password history
[INFO ] 2020-07-16 13:36:56.673 [main] User - Invalid password history
[INFO ] 2020-07-16 13:36:56.677 [main] User - Valid password
[INFO ] 2020-07-16 13:36:56.677 [main] User - Invalid password upper char
[DEBUG] 2020-07-16 13:36:56.697 [main] GroupingService - groups created: 1
[INFO ] 2020-07-16 13:36:56.708 [main] ConnectionManager - URL of database:jdbc:mysql://(host=db-5308.cs.dal.ca,port=3306)/CSCI5308_4_DEVINT?serverTimezone=AST
[INFO ] 2020-07-16 13:36:56.708 [main] ConnectionManager - User name of database:CSCI5308_4_DEVINT_USER
[DEBUG] 2020-07-16 13:36:57.160 [main] UserDB - Loaded user with user ID1
[INFO ] 2020-07-16 13:36:58.009 [main] GroupFormationToolApplicationTests - Starting GroupFormationToolApplicationTests on LAPTOP-2TG4BGFK with PID 2156 (started by Bharat in D:\AdvancedSDC\Milestone2\group4)
[DEBUG] 2020-07-16 13:36:58.012 [main] GroupFormationToolApplicationTests - Running with Spring Boot v2.2.4.RELEASE, Spring v5.2.3.RELEASE
[INFO ] 2020-07-16 13:36:58.012 [main] GroupFormationToolApplicationTests - No active profile set, falling back to default profiles: default
[INFO ] 2020-07-16 13:37:00.120 [main] GroupFormationToolApplicationTests - Started GroupFormationToolApplicationTests in 2.312 seconds (JVM running for 7.002)
[INFO ] 2020-07-16 13:37:00.294 [main] User - Successfully created user and sent credentials
[ERROR] 2020-07-16 13:37:00.459 [main] CourseUserRelationshipDB - spEnrollUser(?, ?, ?) throws SQLException:Cannot add or update a child row: a foreign key constraint fails (`CSCI5308_4_DEVINT`.`CourseRole`, CONSTRAINT `CourseRole_ibfk_1` FOREIGN KEY (`courseID`) REFERENCES `Course` (`id`))
[INFO ] 2020-07-16 13:37:33.729 [main] User - Valid password history
[INFO ] 2020-07-16 13:37:33.736 [main] User - Invalid password history
[INFO ] 2020-07-16 13:37:33.739 [main] User - Valid password
[INFO ] 2020-07-16 13:37:33.740 [main] User - Invalid password upper char
[DEBUG] 2020-07-16 13:37:33.761 [main] GroupingService - groups created: 1
[INFO ] 2020-07-16 13:37:33.777 [main] ConnectionManager - URL of database:jdbc:mysql://(host=db-5308.cs.dal.ca,port=3306)/CSCI5308_4_DEVINT?serverTimezone=AST
[INFO ] 2020-07-16 13:37:33.777 [main] ConnectionManager - User name of database:CSCI5308_4_DEVINT_USER
[DEBUG] 2020-07-16 13:37:34.213 [main] UserDB - Loaded user with user ID1
[INFO ] 2020-07-16 13:37:35.049 [main] GroupFormationToolApplicationTests - Starting GroupFormationToolApplicationTests on LAPTOP-2TG4BGFK with PID 11056 (started by Bharat in D:\AdvancedSDC\Milestone2\group4)
[DEBUG] 2020-07-16 13:37:35.052 [main] GroupFormationToolApplicationTests - Running with Spring Boot v2.2.4.RELEASE, Spring v5.2.3.RELEASE
[INFO ] 2020-07-16 13:37:35.053 [main] GroupFormationToolApplicationTests - No active profile set, falling back to default profiles: default
[INFO ] 2020-07-16 13:37:36.991 [main] GroupFormationToolApplicationTests - Started GroupFormationToolApplicationTests in 2.164 seconds (JVM running for 4.905)
[INFO ] 2020-07-16 13:37:37.139 [main] User - Successfully created user and sent credentials
[ERROR] 2020-07-16 13:37:37.275 [main] CourseUserRelationshipDB - spEnrollUser(?, ?, ?) throws SQLException:Cannot add or update a child row: a foreign key constraint fails (`CSCI5308_4_DEVINT`.`CourseRole`, CONSTRAINT `CourseRole_ibfk_1` FOREIGN KEY (`courseID`) REFERENCES `Course` (`id`))
[INFO ] 2020-07-16 13:38:23.065 [main] User - Valid password history
[INFO ] 2020-07-16 13:38:23.072 [main] User - Invalid password history
[INFO ] 2020-07-16 13:38:23.075 [main] User - Valid password
[INFO ] 2020-07-16 13:38:23.075 [main] User - Invalid password upper char
[DEBUG] 2020-07-16 13:38:23.096 [main] GroupingService - groups created: 1
[INFO ] 2020-07-16 13:38:23.115 [main] ConnectionManager - URL of database:jdbc:mysql://(host=db-5308.cs.dal.ca,port=3306)/CSCI5308_4_DEVINT?serverTimezone=AST
[INFO ] 2020-07-16 13:38:23.115 [main] ConnectionManager - User name of database:CSCI5308_4_DEVINT_USER
[DEBUG] 2020-07-16 13:38:23.642 [main] UserDB - Loaded user with user ID1
[INFO ] 2020-07-16 13:38:24.922 [main] GroupFormationToolApplicationTests - Starting GroupFormationToolApplicationTests on LAPTOP-2TG4BGFK with PID 20644 (started by Bharat in D:\AdvancedSDC\Milestone2\group4)
[DEBUG] 2020-07-16 13:38:24.925 [main] GroupFormationToolApplicationTests - Running with Spring Boot v2.2.4.RELEASE, Spring v5.2.3.RELEASE
[INFO ] 2020-07-16 13:38:24.926 [main] GroupFormationToolApplicationTests - No active profile set, falling back to default profiles: default
[INFO ] 2020-07-16 13:38:27.056 [main] GroupFormationToolApplicationTests - Started GroupFormationToolApplicationTests in 2.423 seconds (JVM running for 5.848)
[INFO ] 2020-07-16 13:38:27.203 [main] User - Successfully created user and sent credentials
[ERROR] 2020-07-16 13:38:27.430 [main] CourseUserRelationshipDB - spEnrollUser(?, ?, ?) throws SQLException:Cannot add or update a child row: a foreign key constraint fails (`CSCI5308_4_DEVINT`.`CourseRole`, CONSTRAINT `CourseRole_ibfk_1` FOREIGN KEY (`courseID`) REFERENCES `Course` (`id`))
[INFO ] 2020-07-16 13:40:11.580 [main] User - Valid password history
[INFO ] 2020-07-16 13:40:11.587 [main] User - Invalid password history
[INFO ] 2020-07-16 13:40:11.590 [main] User - Valid password
[INFO ] 2020-07-16 13:40:11.591 [main] User - Invalid password upper char
[DEBUG] 2020-07-16 13:40:11.614 [main] GroupingService - groups created: 1
[INFO ] 2020-07-16 13:40:11.626 [main] ConnectionManager - URL of database:jdbc:mysql://(host=db-5308.cs.dal.ca,port=3306)/CSCI5308_4_DEVINT?serverTimezone=AST
[INFO ] 2020-07-16 13:40:11.626 [main] ConnectionManager - User name of database:CSCI5308_4_DEVINT_USER
[DEBUG] 2020-07-16 13:40:12.040 [main] UserDB - Loaded user with user ID1
[INFO ] 2020-07-16 13:40:12.874 [main] GroupFormationToolApplicationTests - Starting GroupFormationToolApplicationTests on LAPTOP-2TG4BGFK with PID 3828 (started by Bharat in D:\AdvancedSDC\Milestone2\group4)
[DEBUG] 2020-07-16 13:40:12.878 [main] GroupFormationToolApplicationTests - Running with Spring Boot v2.2.4.RELEASE, Spring v5.2.3.RELEASE
[INFO ] 2020-07-16 13:40:12.879 [main] GroupFormationToolApplicationTests - No active profile set, falling back to default profiles: default
[INFO ] 2020-07-16 13:40:14.835 [main] GroupFormationToolApplicationTests - Started GroupFormationToolApplicationTests in 2.165 seconds (JVM running for 5.397)
[INFO ] 2020-07-16 13:40:14.977 [main] User - Successfully created user and sent credentials
[ERROR] 2020-07-16 13:40:15.132 [main] CourseUserRelationshipDB - spEnrollUser(?, ?, ?) throws SQLException:Cannot add or update a child row: a foreign key constraint fails (`CSCI5308_4_DEVINT`.`CourseRole`, CONSTRAINT `CourseRole_ibfk_1` FOREIGN KEY (`courseID`) REFERENCES `Course` (`id`))
[INFO ] 2020-07-16 13:43:21.794 [main] User - Valid password history
[INFO ] 2020-07-16 13:43:21.800 [main] User - Invalid password history
[INFO ] 2020-07-16 13:43:21.806 [main] User - Valid password
[INFO ] 2020-07-16 13:43:21.806 [main] User - Invalid password upper char
[DEBUG] 2020-07-16 13:43:21.836 [main] GroupingService - groups created: 1
[INFO ] 2020-07-16 13:43:21.849 [main] ConnectionManager - URL of database:jdbc:mysql://(host=db-5308.cs.dal.ca,port=3306)/CSCI5308_4_DEVINT?serverTimezone=AST
[INFO ] 2020-07-16 13:43:21.850 [main] ConnectionManager - User name of database:CSCI5308_4_DEVINT_USER
[DEBUG] 2020-07-16 13:43:22.212 [main] UserDB - Loaded user with user ID1
[INFO ] 2020-07-16 13:43:23.295 [main] GroupFormationToolApplicationTests - Starting GroupFormationToolApplicationTests on LAPTOP-2TG4BGFK with PID 10856 (started by Bharat in D:\AdvancedSDC\Milestone2\group4)
[DEBUG] 2020-07-16 13:43:23.299 [main] GroupFormationToolApplicationTests - Running with Spring Boot v2.2.4.RELEASE, Spring v5.2.3.RELEASE
[INFO ] 2020-07-16 13:43:23.300 [main] GroupFormationToolApplicationTests - No active profile set, falling back to default profiles: default
[INFO ] 2020-07-16 13:43:25.252 [main] GroupFormationToolApplicationTests - Started GroupFormationToolApplicationTests in 2.156 seconds (JVM running for 5.217)
[INFO ] 2020-07-16 13:43:25.387 [main] User - Successfully created user and sent credentials
[ERROR] 2020-07-16 13:43:25.647 [main] CourseUserRelationshipDB - spEnrollUser(?, ?, ?) throws SQLException:Cannot add or update a child row: a foreign key constraint fails (`CSCI5308_4_DEVINT`.`CourseRole`, CONSTRAINT `CourseRole_ibfk_1` FOREIGN KEY (`courseID`) REFERENCES `Course` (`id`))
[INFO ] 2020-07-16 13:51:39.812 [main] User - Valid password history
[INFO ] 2020-07-16 13:51:39.819 [main] User - Invalid password history
[INFO ] 2020-07-16 13:51:39.823 [main] User - Valid password
[INFO ] 2020-07-16 13:51:39.823 [main] User - Invalid password upper char
[DEBUG] 2020-07-16 13:51:39.846 [main] GroupingService - groups created: 1
[INFO ] 2020-07-16 13:51:39.860 [main] ConnectionManager - URL of database:jdbc:mysql://(host=db-5308.cs.dal.ca,port=3306)/CSCI5308_4_DEVINT?serverTimezone=AST
[INFO ] 2020-07-16 13:51:39.860 [main] ConnectionManager - User name of database:CSCI5308_4_DEVINT_USER
[DEBUG] 2020-07-16 13:51:41.834 [main] UserDB - Loaded user with user ID1
[INFO ] 2020-07-16 13:51:43.240 [main] GroupFormationToolApplicationTests - Starting GroupFormationToolApplicationTests on LAPTOP-2TG4BGFK with PID 5160 (started by Bharat in D:\AdvancedSDC\Milestone2\group4)
[DEBUG] 2020-07-16 13:51:43.243 [main] GroupFormationToolApplicationTests - Running with Spring Boot v2.2.4.RELEASE, Spring v5.2.3.RELEASE
[INFO ] 2020-07-16 13:51:43.244 [main] GroupFormationToolApplicationTests - No active profile set, falling back to default profiles: default
[INFO ] 2020-07-16 13:51:46.472 [main] GroupFormationToolApplicationTests - Started GroupFormationToolApplicationTests in 3.513 seconds (JVM running for 9.436)
[INFO ] 2020-07-16 13:51:46.613 [main] User - Successfully created user and sent credentials
[ERROR] 2020-07-16 13:51:47.122 [main] CourseUserRelationshipDB - spEnrollUser(?, ?, ?) throws SQLException:Cannot add or update a child row: a foreign key constraint fails (`CSCI5308_4_DEVINT`.`CourseRole`, CONSTRAINT `CourseRole_ibfk_1` FOREIGN KEY (`courseID`) REFERENCES `Course` (`id`))
[INFO ] 2020-07-16 13:52:42.029 [main] User - Valid password history
[INFO ] 2020-07-16 13:52:42.035 [main] User - Invalid password history
[INFO ] 2020-07-16 13:52:42.039 [main] User - Valid password
[INFO ] 2020-07-16 13:52:42.039 [main] User - Invalid password upper char
[DEBUG] 2020-07-16 13:52:42.063 [main] GroupingService - groups created: 1
[INFO ] 2020-07-16 13:52:42.078 [main] ConnectionManager - URL of database:jdbc:mysql://(host=db-5308.cs.dal.ca,port=3306)/CSCI5308_4_DEVINT?serverTimezone=AST
[INFO ] 2020-07-16 13:52:42.079 [main] ConnectionManager - User name of database:CSCI5308_4_DEVINT_USER
[DEBUG] 2020-07-16 13:52:43.362 [main] UserDB - Loaded user with user ID1
[INFO ] 2020-07-16 13:52:44.382 [main] GroupFormationToolApplicationTests - Starting GroupFormationToolApplicationTests on LAPTOP-2TG4BGFK with PID 22420 (started by Bharat in D:\AdvancedSDC\Milestone2\group4)
[DEBUG] 2020-07-16 13:52:44.385 [main] GroupFormationToolApplicationTests - Running with Spring Boot v2.2.4.RELEASE, Spring v5.2.3.RELEASE
[INFO ] 2020-07-16 13:52:44.389 [main] GroupFormationToolApplicationTests - No active profile set, falling back to default profiles: default
[INFO ] 2020-07-16 13:52:47.447 [main] GroupFormationToolApplicationTests - Started GroupFormationToolApplicationTests in 3.335 seconds (JVM running for 8.184)
[INFO ] 2020-07-16 13:52:47.608 [main] User - Successfully created user and sent credentials
[ERROR] 2020-07-16 13:52:48.081 [main] CourseUserRelationshipDB - spEnrollUser(?, ?, ?) throws SQLException:Cannot add or update a child row: a foreign key constraint fails (`CSCI5308_4_DEVINT`.`CourseRole`, CONSTRAINT `CourseRole_ibfk_1` FOREIGN KEY (`courseID`) REFERENCES `Course` (`id`))
[INFO ] 2020-07-16 13:53:22.381 [main] User - Valid password history
[INFO ] 2020-07-16 13:53:22.388 [main] User - Invalid password history
[INFO ] 2020-07-16 13:53:22.391 [main] User - Valid password
[INFO ] 2020-07-16 13:53:22.392 [main] User - Invalid password upper char
[DEBUG] 2020-07-16 13:53:22.414 [main] GroupingService - groups created: 1
[INFO ] 2020-07-16 13:53:22.427 [main] ConnectionManager - URL of database:jdbc:mysql://(host=db-5308.cs.dal.ca,port=3306)/CSCI5308_4_DEVINT?serverTimezone=AST
[INFO ] 2020-07-16 13:53:22.428 [main] ConnectionManager - User name of database:CSCI5308_4_DEVINT_USER
[DEBUG] 2020-07-16 13:53:23.070 [main] UserDB - Loaded user with user ID1
[INFO ] 2020-07-16 13:53:24.076 [main] GroupFormationToolApplicationTests - Starting GroupFormationToolApplicationTests on LAPTOP-2TG4BGFK with PID 14396 (started by Bharat in D:\AdvancedSDC\Milestone2\group4)
[DEBUG] 2020-07-16 13:53:24.080 [main] GroupFormationToolApplicationTests - Running with Spring Boot v2.2.4.RELEASE, Spring v5.2.3.RELEASE
[INFO ] 2020-07-16 13:53:24.081 [main] GroupFormationToolApplicationTests - No active profile set, falling back to default profiles: default
[INFO ] 2020-07-16 13:53:27.024 [main] GroupFormationToolApplicationTests - Started GroupFormationToolApplicationTests in 3.237 seconds (JVM running for 7.273)
[INFO ] 2020-07-16 13:53:27.219 [main] User - Successfully created user and sent credentials
[ERROR] 2020-07-16 13:53:27.364 [main] CourseUserRelationshipDB - spEnrollUser(?, ?, ?) throws SQLException:Cannot add or update a child row: a foreign key constraint fails (`CSCI5308_4_DEVINT`.`CourseRole`, CONSTRAINT `CourseRole_ibfk_1` FOREIGN KEY (`courseID`) REFERENCES `Course` (`id`))
[INFO ] 2020-07-16 13:54:29.705 [restartedMain] GroupFormationToolApplication - Starting GroupFormationToolApplication on LAPTOP-2TG4BGFK with PID 16112 (D:\AdvancedSDC\Milestone2\group4\bin\main started by Bharat in D:\AdvancedSDC\Milestone2\group4)
[DEBUG] 2020-07-16 13:54:29.708 [restartedMain] GroupFormationToolApplication - Running with Spring Boot v2.2.4.RELEASE, Spring v5.2.3.RELEASE
[INFO ] 2020-07-16 13:54:29.708 [restartedMain] GroupFormationToolApplication - No active profile set, falling back to default profiles: default
[INFO ] 2020-07-16 13:54:31.102 [restartedMain] GroupFormationToolApplication - Started GroupFormationToolApplication in 1.639 seconds (JVM running for 2.467)
[INFO ] 2020-07-16 13:54:43.808 [http-nio-8080-exec-1] ConnectionManager - URL of database:jdbc:mysql://(host=db-5308.cs.dal.ca,port=3306)/CSCI5308_4_DEVINT?serverTimezone=AST
[INFO ] 2020-07-16 13:54:43.809 [http-nio-8080-exec-1] ConnectionManager - User name of database:CSCI5308_4_DEVINT_USER
[DEBUG] 2020-07-16 13:54:58.573 [http-nio-8080-exec-8] UserDB - Loaded user with user ID22
[DEBUG] 2020-07-16 13:55:01.478 [http-nio-8080-exec-3] UserDB - Loaded user with user ID22
[INFO ] 2020-07-16 13:55:01.480 [http-nio-8080-exec-3] CurrentUser - Valid User
[INFO ] 2020-07-16 13:55:03.478 [http-nio-8080-exec-3] SurveyStudentDB - Successfully created question options
[DEBUG] 2020-07-16 13:55:09.729 [http-nio-8080-exec-6] UserDB - Loaded user with user ID22
[INFO ] 2020-07-16 13:55:09.730 [http-nio-8080-exec-6] CurrentUser - Valid User
[INFO ] 2020-07-16 13:55:10.291 [http-nio-8080-exec-6] SurveyStudentDB - Successfully created question options
[DEBUG] 2020-07-16 13:55:15.430 [http-nio-8080-exec-1] UserDB - Loaded user with user ID22
[INFO ] 2020-07-16 13:55:15.432 [http-nio-8080-exec-1] CurrentUser - Valid User
[INFO ] 2020-07-16 13:55:16.720 [http-nio-8080-exec-1] SurveyStudentDB - Successfully created question options
[DEBUG] 2020-07-16 13:55:21.762 [http-nio-8080-exec-4] UserDB - Loaded user with user ID22
[INFO ] 2020-07-16 13:55:21.764 [http-nio-8080-exec-4] CurrentUser - Valid User
[INFO ] 2020-07-16 13:55:22.043 [http-nio-8080-exec-4] SurveyStudentDB - Successfully created question options
